2019-5-26 20:56:08 select sql createSql from sqlite_master where type='table' 
2019-5-26 20:56:38 select sql createSql from sqlite_master where type='table' 
2019-5-26 20:56:38 select sql createSql from sqlite_master where type='table' 
2019-5-26 20:57:02 select sql createSql from sqlite_master where type='table' 
2019-5-26 20:57:08 select sql createSql from sqlite_master where type='table' 
2019-5-26 20:57:18 select sql createSql from sqlite_master where type='table' 
2019-5-26 20:57:20 select sql createSql from sqlite_master where type='table' 
2019-5-26 20:57:20 select sql createSql from sqlite_master where type='table' 
2019-5-26 20:57:57 select sql createSql from sqlite_master where type='table' 
2019-5-26 20:57:57 
          select name createSql from sqlite_master where type='table';
     
2019-5-26 20:58:45 select sql createSql from sqlite_master where type='table' 
2019-5-26 20:58:45 select sql createSql from sqlite_master where type='table'; 
2019-5-26 20:58:45 
          select name createSql from sqlite_master where type='table';
     
2019-5-26 20:58:45 
          select name createSql from sqlite_master where type='table';
    ; 
2019-5-26 20:58:47 
        select * from resource  limit 0,20;

         
2019-5-26 20:58:47 
        select * from resource  limit 0,20;

        ; 
2019-5-26 20:58:47  select count(1) c from resource; 
2019-5-26 20:58:47  select count(1) c from resource;; 
2019-5-26 20:58:51 select sql createSql from sqlite_master where type='table' 
2019-5-26 20:58:51 select sql createSql from sqlite_master where type='table'; 
2019-5-26 20:59:36 select sql createSql from sqlite_master where type='table' 
2019-5-26 20:59:37 select sql createSql from sqlite_master where type='table' 
2019-5-26 20:59:37 select sql createSql from sqlite_master where type='table' 
2019-5-26 20:59:37 select sql createSql from sqlite_master where type='table' 
2019-5-26 20:59:38 select sql createSql from sqlite_master where type='table' 
2019-5-26 20:59:38 select sql createSql from sqlite_master where type='table' 
